{
  "RSpec": {
    "coverage": {
      "/Users/student/makers/projects/week4/spec/bookmark_spec.rb": [
        1,
        1,
        null,
        1,
        1,
        null,
        1,
        1,
        null,
        1,
        1,
        1,
        null,
        1,
        null,
        1,
        1,
        1,
        1,
        1,
        null,
        null,
        null,
        1,
        1,
        1,
        1,
        null,
        1,
        1,
        1,
        1,
        null,
        null,
        null
      ],
      "/Users/student/makers/projects/week4/spec/database_helpers.rb": [
        1,
        null,
        1,
        1,
        1,
        1,
        null
      ],
      "/Users/student/makers/projects/week4/spec/features/add_bookmark_spec.rb": [
        1,
        null,
        1,
        1,
        null,
        1,
        null,
        1,
        null,
        1,
        1,
        null,
        1,
        null,
        1,
        null,
        null,
        null,
        null
      ],
      "/Users/student/makers/projects/week4/spec/features/get_bookmarks_spec.rb": [
        1,
        null,
        1,
        1,
        null,
        1,
        1,
        1,
        null,
        1,
        null,
        1,
        1,
        1,
        null,
        null,
        null
      ]
    },
    "timestamp": 1558609974
  }
}
